<?xml version="1.0" encoding="UTF-8"?>
<!-- Generated by org.testng.reporters.JUnitXMLReporter -->
<testsuite ignored="0" hostname="Luvi" failures="0" tests="5" name="MyAccountTest" time="128.277" errors="0" timestamp="13 Jun 2021 13:26:47 GMT">
  <testcase classname="testcases.MyAccountTest" name="verifyTitle" time="0.023"/>
  <testcase classname="testcases.MyAccountTest" name="myaccount" time="8.085"/>
  <testcase classname="testcases.MyAccountTest" name="login" time="12.617"/>
  <testcase classname="testcases.MyAccountTest" name="addToCart" time="103.289"/>
  <testcase classname="testcases.MyAccountTest" name="logout" time="4.207"/>
</testsuite> <!-- MyAccountTest -->
